<?xml version="1.0" encoding="UTF-8"?>
<!-- Generated by org.testng.reporters.JUnitReportReporter -->
<testsuite skipped="0" hostname="DESKTOP-0M1RLDQ" name="com.framework.qa.testcases.ValidateOrderPageTestCases" tests="1" failures="0" timestamp="03 Sep 2020 10:03:50 GMT" time="19.684" errors="0">
  <testcase name="validateEndToEndBuyOrderFunctionality" time="19.684" classname="com.framework.qa.testcases.ValidateOrderPageTestCases"/>
</testsuite> <!-- com.framework.qa.testcases.ValidateOrderPageTestCases -->
