<?xml version="1.0" encoding="UTF-8"?>
<!-- Generated by org.testng.reporters.JUnitReportReporter -->
<testsuite skipped="0" hostname="DESKTOP-0M1RLDQ" name="com.framework.qa.testcases.ValidateRegistrationPageTestCases" tests="1" failures="0" timestamp="03 Sep 2020 10:03:50 GMT" time="8.437" errors="0">
  <testcase name="validateUserRegistrationProcess" time="8.437" classname="com.framework.qa.testcases.ValidateRegistrationPageTestCases"/>
</testsuite> <!-- com.framework.qa.testcases.ValidateRegistrationPageTestCases -->
