<?xml version="1.0" encoding="UTF-8"?>
<!-- Generated by org.testng.reporters.JUnitReportReporter -->
<testsuite skipped="0" hostname="DESKTOP-0M1RLDQ" name="com.framework.qa.testcases.ValidateSearchPageTestCases" tests="1" failures="0" timestamp="03 Sep 2020 10:03:50 GMT" time="1.557" errors="0">
  <testcase name="validateSearchProduct" time="1.557" classname="com.framework.qa.testcases.ValidateSearchPageTestCases"/>
</testsuite> <!-- com.framework.qa.testcases.ValidateSearchPageTestCases -->
