<?xml version="1.0" encoding="UTF-8"?>
<!-- Generated by org.testng.reporters.JUnitReportReporter -->
<testsuite skipped="0" hostname="DESKTOP-0M1RLDQ" name="com.framework.qa.testcases.ValidateRegistrationPageTestCases" tests="1" failures="0" timestamp="2020-09-01T22:41:02 IST" time="14.877" errors="0">
  <testcase name="validateUserRegistrationProcess" time="14.877" classname="com.framework.qa.testcases.ValidateRegistrationPageTestCases"/>
  <system-out/>
</testsuite> <!-- com.framework.qa.testcases.ValidateRegistrationPageTestCases -->
