<?xml version="1.0" encoding="UTF-8"?>
<!-- Generated by org.testng.reporters.JUnitReportReporter -->
<testsuite skipped="0" hostname="DESKTOP-0M1RLDQ" name="com.framework.qa.testcases.ValidateSearchPageTestCases" tests="1" failures="0" timestamp="2020-09-01T22:41:02 IST" time="3.503" errors="0">
  <testcase name="validateSearchProduct" time="3.503" classname="com.framework.qa.testcases.ValidateSearchPageTestCases"/>
  <system-out/>
</testsuite> <!-- com.framework.qa.testcases.ValidateSearchPageTestCases -->
