<?xml version="1.0" encoding="UTF-8"?>
<!-- Generated by org.testng.reporters.JUnitReportReporter -->
<testsuite skipped="0" hostname="DESKTOP-0M1RLDQ" name="com.framework.qa.testcases.ValidateOrderPageTestCases" tests="1" failures="0" timestamp="2020-09-01T22:41:02 IST" time="26.248" errors="0">
  <testcase name="validateEndToEndBuyOrderFunctionality" time="26.248" classname="com.framework.qa.testcases.ValidateOrderPageTestCases"/>
  <system-out/>
</testsuite> <!-- com.framework.qa.testcases.ValidateOrderPageTestCases -->
